{"/Users/haile/codefellows/401/data-structures-and-algorithms/LL_kth_Reverse/kthReverse.js": {"path":"/Users/haile/codefellows/401/data-structures-and-algorithms/LL_kth_Reverse/kthReverse.js","statementMap":{"0":{"start":{"line":3,"column":13},"end":{"line":3,"column":33}},"1":{"start":{"line":8,"column":8},"end":{"line":8,"column":25}},"2":{"start":{"line":13,"column":19},"end":{"line":13,"column":34}},"3":{"start":{"line":15,"column":8},"end":{"line":18,"column":9}},"4":{"start":{"line":16,"column":12},"end":{"line":16,"column":29}},"5":{"start":{"line":17,"column":12},"end":{"line":17,"column":24}},"6":{"start":{"line":19,"column":26},"end":{"line":19,"column":35}},"7":{"start":{"line":20,"column":8},"end":{"line":22,"column":9}},"8":{"start":{"line":21,"column":12},"end":{"line":21,"column":43}},"9":{"start":{"line":23,"column":8},"end":{"line":23,"column":32}},"10":{"start":{"line":24,"column":8},"end":{"line":24,"column":20}},"11":{"start":{"line":29,"column":19},"end":{"line":29,"column":34}},"12":{"start":{"line":30,"column":8},"end":{"line":30,"column":26}},"13":{"start":{"line":31,"column":8},"end":{"line":34,"column":9}},"14":{"start":{"line":32,"column":12},"end":{"line":32,"column":29}},"15":{"start":{"line":33,"column":12},"end":{"line":33,"column":24}},"16":{"start":{"line":35,"column":8},"end":{"line":35,"column":30}},"17":{"start":{"line":36,"column":8},"end":{"line":36,"column":25}},"18":{"start":{"line":40,"column":19},"end":{"line":40,"column":35}},"19":{"start":{"line":41,"column":8},"end":{"line":44,"column":9}},"20":{"start":{"line":42,"column":12},"end":{"line":42,"column":29}},"21":{"start":{"line":43,"column":12},"end":{"line":43,"column":24}},"22":{"start":{"line":45,"column":26},"end":{"line":45,"column":35}},"23":{"start":{"line":46,"column":8},"end":{"line":53,"column":9}},"24":{"start":{"line":47,"column":12},"end":{"line":51,"column":13}},"25":{"start":{"line":48,"column":16},"end":{"line":48,"column":45}},"26":{"start":{"line":49,"column":16},"end":{"line":49,"column":40}},"27":{"start":{"line":50,"column":16},"end":{"line":50,"column":28}},"28":{"start":{"line":52,"column":12},"end":{"line":52,"column":43}},"29":{"start":{"line":57,"column":19},"end":{"line":57,"column":35}},"30":{"start":{"line":58,"column":8},"end":{"line":61,"column":9}},"31":{"start":{"line":59,"column":12},"end":{"line":59,"column":29}},"32":{"start":{"line":60,"column":12},"end":{"line":60,"column":24}},"33":{"start":{"line":62,"column":26},"end":{"line":62,"column":35}},"34":{"start":{"line":63,"column":8},"end":{"line":70,"column":9}},"35":{"start":{"line":64,"column":12},"end":{"line":68,"column":13}},"36":{"start":{"line":65,"column":16},"end":{"line":65,"column":45}},"37":{"start":{"line":66,"column":16},"end":{"line":66,"column":40}},"38":{"start":{"line":67,"column":16},"end":{"line":67,"column":28}},"39":{"start":{"line":69,"column":12},"end":{"line":69,"column":43}},"40":{"start":{"line":74,"column":20},"end":{"line":74,"column":22}},"41":{"start":{"line":75,"column":26},"end":{"line":75,"column":35}},"42":{"start":{"line":76,"column":8},"end":{"line":79,"column":9}},"43":{"start":{"line":77,"column":12},"end":{"line":77,"column":40}},"44":{"start":{"line":78,"column":12},"end":{"line":78,"column":43}},"45":{"start":{"line":80,"column":8},"end":{"line":80,"column":36}},"46":{"start":{"line":81,"column":8},"end":{"line":83,"column":9}},"47":{"start":{"line":82,"column":12},"end":{"line":82,"column":30}},"48":{"start":{"line":84,"column":8},"end":{"line":84,"column":41}},"49":{"start":{"line":88,"column":0},"end":{"line":88,"column":28}}},"fnMap":{"0":{"name":"(anonymous_0)","decl":{"start":{"line":7,"column":4},"end":{"line":7,"column":5}},"loc":{"start":{"line":7,"column":18},"end":{"line":9,"column":5}},"line":7},"1":{"name":"(anonymous_1)","decl":{"start":{"line":11,"column":4},"end":{"line":11,"column":5}},"loc":{"start":{"line":11,"column":18},"end":{"line":25,"column":5}},"line":11},"2":{"name":"(anonymous_2)","decl":{"start":{"line":27,"column":4},"end":{"line":27,"column":5}},"loc":{"start":{"line":27,"column":19},"end":{"line":37,"column":5}},"line":27},"3":{"name":"(anonymous_3)","decl":{"start":{"line":39,"column":4},"end":{"line":39,"column":5}},"loc":{"start":{"line":39,"column":32},"end":{"line":54,"column":5}},"line":39},"4":{"name":"(anonymous_4)","decl":{"start":{"line":56,"column":4},"end":{"line":56,"column":5}},"loc":{"start":{"line":56,"column":31},"end":{"line":71,"column":5}},"line":56},"5":{"name":"(anonymous_5)","decl":{"start":{"line":73,"column":4},"end":{"line":73,"column":5}},"loc":{"start":{"line":73,"column":20},"end":{"line":85,"column":5}},"line":73}},"branchMap":{"0":{"loc":{"start":{"line":15,"column":8},"end":{"line":18,"column":9}},"type":"if","locations":[{"start":{"line":15,"column":8},"end":{"line":18,"column":9}},{"start":{"line":15,"column":8},"end":{"line":18,"column":9}}],"line":15},"1":{"loc":{"start":{"line":31,"column":8},"end":{"line":34,"column":9}},"type":"if","locations":[{"start":{"line":31,"column":8},"end":{"line":34,"column":9}},{"start":{"line":31,"column":8},"end":{"line":34,"column":9}}],"line":31},"2":{"loc":{"start":{"line":41,"column":8},"end":{"line":44,"column":9}},"type":"if","locations":[{"start":{"line":41,"column":8},"end":{"line":44,"column":9}},{"start":{"line":41,"column":8},"end":{"line":44,"column":9}}],"line":41},"3":{"loc":{"start":{"line":47,"column":12},"end":{"line":51,"column":13}},"type":"if","locations":[{"start":{"line":47,"column":12},"end":{"line":51,"column":13}},{"start":{"line":47,"column":12},"end":{"line":51,"column":13}}],"line":47},"4":{"loc":{"start":{"line":58,"column":8},"end":{"line":61,"column":9}},"type":"if","locations":[{"start":{"line":58,"column":8},"end":{"line":61,"column":9}},{"start":{"line":58,"column":8},"end":{"line":61,"column":9}}],"line":58},"5":{"loc":{"start":{"line":64,"column":12},"end":{"line":68,"column":13}},"type":"if","locations":[{"start":{"line":64,"column":12},"end":{"line":68,"column":13}},{"start":{"line":64,"column":12},"end":{"line":68,"column":13}}],"line":64},"6":{"loc":{"start":{"line":81,"column":8},"end":{"line":83,"column":9}},"type":"if","locations":[{"start":{"line":81,"column":8},"end":{"line":83,"column":9}},{"start":{"line":81,"column":8},"end":{"line":83,"column":9}}],"line":81}},"s":{"0":1,"1":8,"2":18,"3":18,"4":4,"5":4,"6":14,"7":14,"8":19,"9":14,"10":14,"11":2,"12":2,"13":2,"14":1,"15":1,"16":1,"17":1,"18":1,"19":1,"20":1,"21":1,"22":0,"23":0,"24":0,"25":0,"26":0,"27":0,"28":0,"29":1,"30":1,"31":1,"32":1,"33":0,"34":0,"35":0,"36":0,"37":0,"38":0,"39":0,"40":3,"41":3,"42":3,"43":12,"44":12,"45":3,"46":3,"47":1,"48":2,"49":1},"f":{"0":8,"1":18,"2":2,"3":1,"4":1,"5":3},"b":{"0":[4,14],"1":[1,1],"2":[1,0],"3":[0,0],"4":[1,0],"5":[0,0],"6":[1,2]},"_coverageSchema":"332fd63041d2c1bcb487cc26dd0d5f7d97098a6c","hash":"274a72907ce2150babbea669da3b4e49f65b3ec6"}
,"/Users/haile/codefellows/401/data-structures-and-algorithms/LL_kth_Reverse/node.js": {"path":"/Users/haile/codefellows/401/data-structures-and-algorithms/LL_kth_Reverse/node.js","statementMap":{"0":{"start":{"line":5,"column":4},"end":{"line":5,"column":23}},"1":{"start":{"line":6,"column":4},"end":{"line":6,"column":21}},"2":{"start":{"line":10,"column":0},"end":{"line":10,"column":22}}},"fnMap":{"0":{"name":"(anonymous_0)","decl":{"start":{"line":4,"column":2},"end":{"line":4,"column":3}},"loc":{"start":{"line":4,"column":21},"end":{"line":7,"column":3}},"line":4}},"branchMap":{},"s":{"0":22,"1":22,"2":1},"f":{"0":22},"b":{},"_coverageSchema":"332fd63041d2c1bcb487cc26dd0d5f7d97098a6c","hash":"f337f2350c2814ae4eeb0c89d4332f987068ab34"}
}
