<?xml version="1.0" encoding="UTF-8"?>
<coverage generated="1538781952706" clover="3.2.0">
  <project timestamp="1538781952706" name="All files">
    <metrics statements="10" coveredstatements="10" conditionals="4" coveredconditionals="3" methods="1" coveredmethods="1" elements="15" coveredelements="14" complexity="0" loc="10" ncloc="10" packages="1" files="1" classes="1">
      <file name="array_shift.js" path="/Users/haile/codefellows/401/data-structures-and-algorithms/Insert_Shift_Array/array_shift.js">
        <metrics statements="10" coveredstatements="10" conditionals="4" coveredconditionals="3" methods="1" coveredmethods="1"/>
        <line num="3" count="1" type="stmt"/>
        <line num="4" count="3" type="stmt"/>
        <line num="5" count="3" type="stmt"/>
        <line num="6" count="3" type="stmt"/>
        <line num="7" count="8" type="cond" truecount="2" falsecount="0"/>
        <line num="8" count="4" type="stmt"/>
        <line num="10" count="4" type="cond" truecount="1" falsecount="1"/>
        <line num="11" count="4" type="stmt"/>
        <line num="12" count="4" type="stmt"/>
        <line num="15" count="3" type="stmt"/>
      </file>
    </metrics>
  </project>
</coverage>
