{"/Users/haile/codefellows/401/data-structures-and-algorithms/Insert_Shift_Array/array_shift.js": {"path":"/Users/haile/codefellows/401/data-structures-and-algorithms/Insert_Shift_Array/array_shift.js","statementMap":{"0":{"start":{"line":3,"column":0},"end":{"line":16,"column":2}},"1":{"start":{"line":4,"column":17},"end":{"line":4,"column":19}},"2":{"start":{"line":5,"column":17},"end":{"line":5,"column":41}},"3":{"start":{"line":6,"column":2},"end":{"line":14,"column":3}},"4":{"start":{"line":7,"column":4},"end":{"line":13,"column":5}},"5":{"start":{"line":8,"column":6},"end":{"line":8,"column":27}},"6":{"start":{"line":10,"column":9},"end":{"line":13,"column":5}},"7":{"start":{"line":11,"column":6},"end":{"line":11,"column":34}},"8":{"start":{"line":12,"column":6},"end":{"line":12,"column":29}},"9":{"start":{"line":15,"column":2},"end":{"line":15,"column":18}}},"fnMap":{"0":{"name":"(anonymous_0)","decl":{"start":{"line":3,"column":27},"end":{"line":3,"column":28}},"loc":{"start":{"line":3,"column":44},"end":{"line":16,"column":1}},"line":3}},"branchMap":{"0":{"loc":{"start":{"line":7,"column":4},"end":{"line":13,"column":5}},"type":"if","locations":[{"start":{"line":7,"column":4},"end":{"line":13,"column":5}},{"start":{"line":7,"column":4},"end":{"line":13,"column":5}}],"line":7},"1":{"loc":{"start":{"line":10,"column":9},"end":{"line":13,"column":5}},"type":"if","locations":[{"start":{"line":10,"column":9},"end":{"line":13,"column":5}},{"start":{"line":10,"column":9},"end":{"line":13,"column":5}}],"line":10}},"s":{"0":1,"1":3,"2":3,"3":3,"4":8,"5":4,"6":4,"7":4,"8":4,"9":3},"f":{"0":3},"b":{"0":[4,4],"1":[4,0]},"_coverageSchema":"332fd63041d2c1bcb487cc26dd0d5f7d97098a6c","hash":"ba7c778ee58003681933210555df150990cd27a0"}
}
