TN:
SF:/Users/haile/codefellows/401/data-structures-and-algorithms/LL_kth_Reverse/kthReverse.js
FN:7,(anonymous_0)
FN:11,(anonymous_1)
FN:27,(anonymous_2)
FN:39,(anonymous_3)
FN:56,(anonymous_4)
FN:73,(anonymous_5)
FNF:6
FNH:6
FNDA:8,(anonymous_0)
FNDA:18,(anonymous_1)
FNDA:2,(anonymous_2)
FNDA:1,(anonymous_3)
FNDA:1,(anonymous_4)
FNDA:3,(anonymous_5)
DA:3,1
DA:8,8
DA:13,18
DA:15,18
DA:16,4
DA:17,4
DA:19,14
DA:20,14
DA:21,19
DA:23,14
DA:24,14
DA:29,2
DA:30,2
DA:31,2
DA:32,1
DA:33,1
DA:35,1
DA:36,1
DA:40,1
DA:41,1
DA:42,1
DA:43,1
DA:45,0
DA:46,0
DA:47,0
DA:48,0
DA:49,0
DA:50,0
DA:52,0
DA:57,1
DA:58,1
DA:59,1
DA:60,1
DA:62,0
DA:63,0
DA:64,0
DA:65,0
DA:66,0
DA:67,0
DA:69,0
DA:74,3
DA:75,3
DA:76,3
DA:77,12
DA:78,12
DA:80,3
DA:81,3
DA:82,1
DA:84,2
DA:88,1
LF:50
LH:36
BRDA:15,0,0,4
BRDA:15,0,1,14
BRDA:31,1,0,1
BRDA:31,1,1,1
BRDA:41,2,0,1
BRDA:41,2,1,0
BRDA:47,3,0,0
BRDA:47,3,1,0
BRDA:58,4,0,1
BRDA:58,4,1,0
BRDA:64,5,0,0
BRDA:64,5,1,0
BRDA:81,6,0,1
BRDA:81,6,1,2
BRF:14
BRH:8
end_of_record
TN:
SF:/Users/haile/codefellows/401/data-structures-and-algorithms/LL_kth_Reverse/node.js
FN:4,(anonymous_0)
FNF:1
FNH:1
FNDA:22,(anonymous_0)
DA:5,22
DA:6,22
DA:10,1
LF:3
LH:3
BRF:0
BRH:0
end_of_record
